src/actions/analytics.ts(101,25): error TS2353: Object literal may only specify known properties, and 'userProgress' does not exist in type 'LessonInclude<DefaultArgs>'.
src/actions/analytics.ts(115,16): error TS2339: Property 'lessons' does not exist on type '{ id: string; createdAt: Date; updatedAt: Date; userId: string; title: string; courseCode: string | null; description: string | null; imageUrl: string | null; introVideoUrl: string | null; ... 6 more ...; categoryId: string | null; }'.
src/actions/assessment.ts(82,33): error TS2551: Property 'completed' does not exist on type '{ quiz: { questions: ({ options: { id: string; createdAt: Date; updatedAt: Date; position: number; text: string; isCorrect: boolean; questionId: string; }[]; } & { id: string; createdAt: Date; ... 6 more ...; correctAnswer: string | null; })[]; } & { ...; }; } & { ...; }'. Did you mean 'completedAt'?
src/actions/assessment.ts(87,18): error TS2339: Property 'userAnswer' does not exist on type 'PrismaClient<{ adapter: PrismaPg; }, never, DefaultArgs>'.
src/actions/assessment.ts(115,17): error TS2353: Object literal may only specify known properties, and 'isPassed' does not exist in type '(Without<QuizAttemptUpdateInput, QuizAttemptUncheckedUpdateInput> & QuizAttemptUncheckedUpdateInput) | (Without<...> & QuizAttemptUpdateInput)'.
src/actions/assessment.ts(140,30): error TS2561: Object literal may only specify known properties, but 'completed' does not exist in type 'QuizAttemptWhereInput'. Did you mean to write 'completedAt'?
src/actions/attempt.ts(140,17): error TS2353: Object literal may only specify known properties, and 'isPassed' does not exist in type '(Without<QuizAttemptUpdateInput, QuizAttemptUncheckedUpdateInput> & QuizAttemptUncheckedUpdateInput) | (Without<...> & QuizAttemptUpdateInput)'.
src/actions/attempt.ts(196,21): error TS2353: Object literal may only specify known properties, and 'isPassed' does not exist in type '(Without<QuizAttemptUpdateInput, QuizAttemptUncheckedUpdateInput> & QuizAttemptUncheckedUpdateInput) | (Without<...> & QuizAttemptUpdateInput)'.
src/actions/course.ts(220,25): error TS2304: Cannot find name 'session'.
src/actions/course.ts(225,38): error TS18004: No value exists in scope for the shorthand property 'userId'. Either declare one or provide an initializer.
src/actions/engagement.ts(30,17): error TS2353: Object literal may only specify known properties, and 'lessonId' does not exist in type 'Without<DiscussionCreateInput, DiscussionUncheckedCreateInput> & DiscussionUncheckedCreateInput'.
src/app/(dashboard)/(routes)/search/page.tsx(14,13): error TS2353: Object literal may only specify known properties, and 'modules' does not exist in type 'CourseInclude<DefaultArgs>'.
src/app/(dashboard)/(routes)/search/page.tsx(48,41): error TS2551: Property 'category' does not exist on type '{ id: string; createdAt: Date; updatedAt: Date; userId: string; title: string; courseCode: string | null; description: string | null; imageUrl: string | null; introVideoUrl: string | null; ... 6 more ...; categoryId: string | null; }'. Did you mean 'categoryId'?
src/app/(dashboard)/(routes)/search/page.tsx(52,45): error TS2339: Property 'modules' does not exist on type '{ id: string; createdAt: Date; updatedAt: Date; userId: string; title: string; courseCode: string | null; description: string | null; imageUrl: string | null; introVideoUrl: string | null; ... 6 more ...; categoryId: string | null; }'.
src/app/(dashboard)/(routes)/search/page.tsx(52,69): error TS2339: Property 'modules' does not exist on type '{ id: string; createdAt: Date; updatedAt: Date; userId: string; title: string; courseCode: string | null; description: string | null; imageUrl: string | null; introVideoUrl: string | null; ... 6 more ...; categoryId: string | null; }'.
